0 info it worked if it ends with ok
1 verbose cli [ '/Users/darbyfrey/.nvm/v0.10.35/bin/node',
1 verbose cli   '/Users/darbyfrey/.nvm/v0.10.35/bin/npm',
1 verbose cli   'publish' ]
2 info using npm@1.4.28
3 info using node@v0.10.35
4 verbose publish [ '.' ]
5 verbose cache add [ '.', null ]
6 verbose cache add name=undefined spec="." args=[".",null]
7 verbose parsed url { protocol: null,
7 verbose parsed url   slashes: null,
7 verbose parsed url   auth: null,
7 verbose parsed url   host: null,
7 verbose parsed url   port: null,
7 verbose parsed url   hostname: null,
7 verbose parsed url   hash: null,
7 verbose parsed url   search: null,
7 verbose parsed url   query: null,
7 verbose parsed url   pathname: '.',
7 verbose parsed url   path: '.',
7 verbose parsed url   href: '.' }
8 silly lockFile 3a52ce78- .
9 verbose lock . /Users/darbyfrey/.npm/3a52ce78-.lock
10 verbose tar pack [ '/Users/darbyfrey/.npm/sparrow.js/0.0.6/package.tgz', '.' ]
11 verbose tarball /Users/darbyfrey/.npm/sparrow.js/0.0.6/package.tgz
12 verbose folder .
13 info prepublish sparrow.js@0.0.6
14 silly lockFile 1f1177db-tar tar://.
15 verbose lock tar://. /Users/darbyfrey/.npm/1f1177db-tar.lock
16 silly lockFile 527b882e-npm-sparrow-js-0-0-6-package-tgz tar:///Users/darbyfrey/.npm/sparrow.js/0.0.6/package.tgz
17 verbose lock tar:///Users/darbyfrey/.npm/sparrow.js/0.0.6/package.tgz /Users/darbyfrey/.npm/527b882e-npm-sparrow-js-0-0-6-package-tgz.lock
18 silly lockFile 1f1177db-tar tar://.
19 silly lockFile 1f1177db-tar tar://.
20 silly lockFile 527b882e-npm-sparrow-js-0-0-6-package-tgz tar:///Users/darbyfrey/.npm/sparrow.js/0.0.6/package.tgz
21 silly lockFile 527b882e-npm-sparrow-js-0-0-6-package-tgz tar:///Users/darbyfrey/.npm/sparrow.js/0.0.6/package.tgz
22 silly lockFile 9678cd52-rey-npm-sparrow-js-0-0-6-package /Users/darbyfrey/.npm/sparrow.js/0.0.6/package
23 verbose lock /Users/darbyfrey/.npm/sparrow.js/0.0.6/package /Users/darbyfrey/.npm/9678cd52-rey-npm-sparrow-js-0-0-6-package.lock
24 silly lockFile 9678cd52-rey-npm-sparrow-js-0-0-6-package /Users/darbyfrey/.npm/sparrow.js/0.0.6/package
25 silly lockFile 9678cd52-rey-npm-sparrow-js-0-0-6-package /Users/darbyfrey/.npm/sparrow.js/0.0.6/package
26 silly lockFile 3a52ce78- .
27 silly lockFile 3a52ce78- .
28 silly publish { name: 'sparrow.js',
28 silly publish   version: '0.0.6',
28 silly publish   description: 'light & simple, apigee-javascript adapter, for using with test frameworks',
28 silly publish   keywords: [ 'apigee', 'javascript', 'test', 'mocha' ],
28 silly publish   author: { name: 'Rajiv Kilaparti', email: 'rkilaparti@apigee.com' },
28 silly publish   repository: { type: 'git', url: 'git://github.com/r8k/sparrow.js.git' },
28 silly publish   main: './index',
28 silly publish   bin: { sparrow: './bin/sparrow' },
28 silly publish   engines: { node: '>= 0.8.x' },
28 silly publish   scripts: { test: 'make test' },
28 silly publish   dependencies: { should: '>= 3.0.x' },
28 silly publish   optionalDependencies: {},
28 silly publish   devDependencies: { deasync: '0.0.7', mocha: '~1.17.1', request: '^2.51.0' },
28 silly publish   license: 'MIT',
28 silly publish   readme: 'apigee-mock\n===========\n\nAn Apigee mock testing library inspired by [Sparrow.js](https://github.com/r8k/sparrow.js).\n\n### Installation\n\n```\nnpm install -g apigee-mock\ncd your_project && sudo npm link apigee-mock\n```\n\n### Usage\n\nComing Soon\n',
28 silly publish   readmeFilename: 'README.md',
28 silly publish   gitHead: 'f32a183cd11a28c32b8c7b1571c27294e860d96b',
28 silly publish   bugs: { url: 'https://github.com/r8k/sparrow.js/issues' },
28 silly publish   homepage: 'https://github.com/r8k/sparrow.js',
28 silly publish   _id: 'sparrow.js@0.0.6',
28 silly publish   _shasum: 'b26e7319a2a48099839113a41e96e84329890fa1',
28 silly publish   _from: '.' }
29 verbose request where is /sparrow.js
30 verbose request registry https://registry.npmjs.org/
31 verbose request id a442c468f73a179c
32 verbose url raw /sparrow.js
33 verbose url resolving [ 'https://registry.npmjs.org/', './sparrow.js' ]
34 verbose url resolved https://registry.npmjs.org/sparrow.js
35 verbose request where is https://registry.npmjs.org/sparrow.js
36 info trying registry request attempt 1 at 15:55:52
37 http PUT https://registry.npmjs.org/sparrow.js
38 http 403 https://registry.npmjs.org/sparrow.js
39 verbose headers { date: 'Fri, 09 Jan 2015 21:55:53 GMT',
39 verbose headers   server: 'CouchDB/1.5.0 (Erlang OTP/R16B03)',
39 verbose headers   'content-type': 'application/json',
39 verbose headers   'cache-control': 'max-age=60',
39 verbose headers   'content-length': '2943',
39 verbose headers   'accept-ranges': 'bytes',
39 verbose headers   via: '1.1 varnish',
39 verbose headers   'x-served-by': 'cache-dfw1831-DFW',
39 verbose headers   'x-cache': 'MISS',
39 verbose headers   'x-cache-hits': '0',
39 verbose headers   'x-timer': 'S1420840552.783588,VS0,VE289',
39 verbose headers   'keep-alive': 'timeout=10, max=50',
39 verbose headers   connection: 'Keep-Alive' }
40 error publish Failed PUT 403
41 error Error: forbidden cannot modify pre-existing version: 0.0.6
41 error old={"name":"sparrow.js","version":"0.0.6","description":"light & simple, apigee-javascript adapter, for using with test frameworks","keywords":["apigee","javascript","test","mocha"],"author":{"name":"Rajiv Kilaparti","email":"rkilaparti@apigee.com"},"repository":{"type":"git","url":"git://github.com/r8k/sparrow.js.git"},"main":"./index","bin":{"sparrow":"./bin/sparrow"},"engines":{"node":">= 0.8.x"},"scripts":{"test":"make test"},"dependencies":{"should":">= 3.0.x","httpsync":">= 0.0.8","http-sync-win":">=0.0.7"},"optionalDependencies":{"httpsync":">= 0.0.8","http-sync-win":">=0.0.7"},"devDependencies":{"mocha":"~1.17.1"},"license":"MIT","bugs":{"url":"https://github.com/r8k/sparrow.js/issues"},"homepage":"https://github.com/r8k/sparrow.js","_id":"sparrow.js@0.0.6","dist":{"shasum":"7a500d0c30cbe1cd02c1afa72c41421c320c9d4f","tarball":"http://registry.npmjs.org/sparrow.js/-/sparrow.js-0.0.6.tgz"},"_from":".","_npmVersion":"1.3.21","_npmUser":{"name":"r8k","email":"rajivk085@gmail.com"},"maintainers":[{"name":"r8k","email":"rajivk085@gmail.com"}]}
41 error new={"name":"sparrow.js","version":"0.0.6","description":"light & simple, apigee-javascript adapter, for using with test frameworks","keywords":["apigee","javascript","test","mocha"],"author":{"name":"Rajiv Kilaparti","email":"rkilaparti@apigee.com"},"repository":{"type":"git","url":"git://github.com/r8k/sparrow.js.git"},"main":"./index","bin":{"sparrow":"./bin/sparrow"},"engines":{"node":">= 0.8.x"},"scripts":{"test":"make test"},"dependencies":{"should":">= 3.0.x"},"optionalDependencies":{},"devDependencies":{"deasync":"0.0.7","mocha":"~1.17.1","request":"^2.51.0"},"license":"MIT","readme":"apigee-mock\u000a===========\u000a\u000aAn Apigee mock testing library inspired by [Sparrow.js](https://github.com/r8k/sparrow.js).\u000a\u000a### Installation\u000a\u000a```\u000anpm install -g apigee-mock\u000acd your_project && sudo npm link apigee-mock\u000a```\u000a\u000a### Usage\u000a\u000aComing Soon\u000a","readmeFilename":"README.md","gitHead":"f32a183cd11a28c32b8c7b1571c27294e860d96b","bugs":{"url":"https://github.com/r8k/sparrow.js/issues"},"homepage":"https://github.com/r8k/sparrow.js","_id":"sparrow.js@0.0.6","_shasum":"b26e7319a2a48099839113a41e96e84329890fa1","_from":".","_npmVersion":"1.4.28","_npmUser":{"name":"darbyfrey","email":"darbyfrey@gmail.com"},"maintainers":[{"name":"darbyfrey","email":"darbyfrey@gmail.com"}],"dist":{"shasum":"b26e7319a2a48099839113a41e96e84329890fa1","tarball":"http://registry.npmjs.org/sparrow.js/-/sparrow.js-0.0.6.tgz"}}: sparrow.js
41 error     at RegClient.<anonymous> (/Users/darbyfrey/.nvm/v0.10.35/lib/node_modules/npm/node_modules/npm-registry-client/lib/request.js:308:14)
41 error     at Request._callback (/Users/darbyfrey/.nvm/v0.10.35/lib/node_modules/npm/node_modules/npm-registry-client/lib/request.js:246:65)
41 error     at Request.self.callback (/Users/darbyfrey/.nvm/v0.10.35/lib/node_modules/npm/node_modules/request/request.js:236:22)
41 error     at Request.emit (events.js:98:17)
41 error     at Request.<anonymous> (/Users/darbyfrey/.nvm/v0.10.35/lib/node_modules/npm/node_modules/request/request.js:1142:14)
41 error     at Request.emit (events.js:117:20)
41 error     at IncomingMessage.<anonymous> (/Users/darbyfrey/.nvm/v0.10.35/lib/node_modules/npm/node_modules/request/request.js:1096:12)
41 error     at IncomingMessage.emit (events.js:117:20)
41 error     at _stream_readable.js:944:16
41 error     at process._tickCallback (node.js:442:13)
42 error If you need help, you may report this *entire* log,
42 error including the npm and node versions, at:
42 error     <http://github.com/npm/npm/issues>
43 error System Darwin 14.0.0
44 error command "/Users/darbyfrey/.nvm/v0.10.35/bin/node" "/Users/darbyfrey/.nvm/v0.10.35/bin/npm" "publish"
45 error cwd /Users/darbyfrey/projects/code/apigee-mock
46 error node -v v0.10.35
47 error npm -v 1.4.28
48 verbose exit [ 1, true ]
